#
# A fatal error has been detected by the Java Runtime Environment:
#
#  EXCEPTION_ACCESS_VIOLATION (0xc0000005) at pc=0x00007ffbc210ee17, pid=30932, tid=0x0000000000007374
#
# JRE version: Java(TM) SE Runtime Environment (8.0_271-b09) (build 1.8.0_271-b09)
# Java VM: Java HotSpot(TM) 64-Bit Server VM (25.271-b09 mixed mode windows-amd64 compressed oops)
# Problematic frame:
# C  [awt.dll+0x1ee17]
#
# Failed to write core dump. Minidumps are not enabled by default on client versions of Windows
#
# If you would like to submit a bug report, please visit:
#   http://bugreport.java.com/bugreport/crash.jsp
# The crash happened outside the Java Virtual Machine in native code.
# See problematic frame for where to report the bug.
#

---------------  T H R E A D  ---------------

Current thread (0x0000022759b8a800):  JavaThread "Main Thread" [_thread_in_native, id=29556, stack(0x00000059e2190000,0x00000059e2290000)]

siginfo: ExceptionCode=0xc0000005, reading address 0x0000000000000000

Registers:
RAX=0x0000000000010001, RBX=0x0000000000000001, RCX=0x0000000000000000, RDX=0x0000000000000001
RSP=0x00000059e228e880, RBP=0x0000000000010003, RSI=0x0000022752d3abe0, RDI=0x0000000000000002
R8 =0x00000059e228e828, R9 =0x0000000000010003, R10=0x0000000000000000, R11=0x0000000000000246
R12=0x0000000000000000, R13=0x000002274edd7360, R14=0x00000059e228e9a0, R15=0x0000022759b8a800
RIP=0x00007ffbc210ee17, EFLAGS=0x0000000000010297

Top of Stack: (sp=0x00000059e228e880)
0x00000059e228e880:   0000000000000000 0000022752d3abe0
0x00000059e228e890:   00000059e228e9a0 0000022759b8a9f8
0x00000059e228e8a0:   0000000000000000 00007ffbc2113834
0x00000059e228e8b0:   000002274eeb5680 0000000000000000
0x00000059e228e8c0:   0000000000000770 00000007377bd5f0
0x00000059e228e8d0:   00000005cc28b048 000002272ca29f4e
0x00000059e228e8e0:   000002274edd7360 00000059e228e968
0x00000059e228e8f0:   000002275a938028 000002274eaa8138
0x00000059e228e900:   0000000000000411 00000059e228e920
0x00000059e228e910:   00000059e228e980 000002272ca1837d
0x00000059e228e920:   00000005cc28b048 00000059e228e928
0x00000059e228e930:   0000000000000000 00000059e228e9a0
0x00000059e228e940:   000002274edd9150 0000000000000000
0x00000059e228e950:   000002274edd7360 0000000000000000
0x00000059e228e960:   00000059e228e988 00000059e228e9e8
0x00000059e228e970:   000002272ca1837d 0000000000000000 

Instructions: (pc=0x00007ffbc210ee17)
0x00007ffbc210edf7:   74 4b 48 8b 01 48 89 5c 24 30 48 89 7c 24 38 ff
0x00007ffbc210ee07:   50 20 33 db 8b f8 85 c0 74 18 48 8b 4e 08 8b d3
0x00007ffbc210ee17:   4c 8b 01 41 ff 50 78 48 3b c5 74 1d ff c3 3b df
0x00007ffbc210ee27:   72 e8 33 c0 48 8b 5c 24 30 48 8b 7c 24 38 48 8b 


Register to memory mapping:

RAX=0x0000000000010001 is an unknown value
RBX=0x0000000000000001 is an unknown value
RCX=0x0000000000000000 is an unknown value
RDX=0x0000000000000001 is an unknown value
RSP=0x00000059e228e880 is pointing into the stack for thread: 0x0000022759b8a800
RBP=0x0000000000010003 is an unknown value
RSI=0x0000022752d3abe0 is an unknown value
RDI=0x0000000000000002 is an unknown value
R8 =0x00000059e228e828 is pointing into the stack for thread: 0x0000022759b8a800
R9 =0x0000000000010003 is an unknown value
R10=0x0000000000000000 is an unknown value
R11=0x0000000000000246 is an unknown value
R12=0x0000000000000000 is an unknown value
R13={method} {0x000002274edd7368} 'initOps' '(III)V' in 'sun/java2d/d3d/D3DSurfaceData'
R14=0x00000059e228e9a0 is pointing into the stack for thread: 0x0000022759b8a800
R15=0x0000022759b8a800 is a thread


Stack: [0x00000059e2190000,0x00000059e2290000],  sp=0x00000059e228e880,  free space=1018k
Native frames: (J=compiled Java code, j=interpreted, Vv=VM code, C=native code)
C  [awt.dll+0x1ee17]
C  [awt.dll+0x23834]
C  0x000002272ca29f4e

Java frames: (J=compiled Java code, j=interpreted, Vv=VM code)
j  sun.java2d.d3d.D3DSurfaceData.initOps(III)V+0
j  sun.java2d.d3d.D3DSurfaceData.<init>(Lsun/awt/windows/WComponentPeer;Lsun/java2d/d3d/D3DGraphicsConfig;IILjava/awt/Image;Ljava/awt/image/ColorModel;IILsun/java2d/pipe/hw/ExtendedBufferCapabilities$VSyncType;I)V+76
j  sun.java2d.d3d.D3DSurfaceData.createData(Lsun/awt/windows/WComponentPeer;Ljava/awt/Image;)Lsun/java2d/d3d/D3DSurfaceData;+117
j  sun.java2d.d3d.D3DVolatileSurfaceManager.initAcceleratedSurface()Lsun/java2d/SurfaceData;+59
j  sun.java2d.d3d.D3DVolatileSurfaceManager.restoreAcceleratedSurface()V+62
j  sun.awt.image.VolatileSurfaceManager.validate(Ljava/awt/GraphicsConfiguration;)I+94
j  sun.awt.image.SunVolatileImage.validate(Ljava/awt/GraphicsConfiguration;)I+5
j  java.awt.Component$FlipBufferStrategy.revalidate(Z)V+82
j  java.awt.Component$FlipBufferStrategy.revalidate()V+2
j  java.awt.Component$FlipBufferStrategy.getDrawGraphics()Ljava/awt/Graphics;+1
j  samb.client.main.Window.getGraphics()Ljava/awt/Graphics2D;+40
J 2342% C1 samb.client.main.Client.run()V (63 bytes) @ 0x000002272cf592bc [0x000002272cf58e80+0x43c]
j  java.lang.Thread.run()V+11
v  ~StubRoutines::call_stub

---------------  P R O C E S S  ---------------

Java Threads: ( => current thread )
  0x0000022759f38800 JavaThread "Thread-0" daemon [_thread_in_native, id=16016, stack(0x00000059df400000,0x00000059df500000)]
  0x000002272aeb6000 JavaThread "DestroyJavaVM" [_thread_blocked, id=28092, stack(0x00000059df600000,0x00000059df700000)]
=>0x0000022759b8a800 JavaThread "Main Thread" [_thread_in_native, id=29556, stack(0x00000059e2190000,0x00000059e2290000)]
  0x0000022759e8e000 JavaThread "AWT-EventQueue-0" [_thread_blocked, id=24116, stack(0x00000059e2090000,0x00000059e2190000)]
  0x0000022752d43000 JavaThread "AWT-Shutdown" [_thread_blocked, id=18036, stack(0x00000059e1a00000,0x00000059e1b00000)]
  0x0000022752d3b800 JavaThread "Java2D Disposer" daemon [_thread_blocked, id=22416, stack(0x00000059e1900000,0x00000059e1a00000)]
  0x00000227513ac000 JavaThread "Service Thread" daemon [_thread_blocked, id=26536, stack(0x00000059e1700000,0x00000059e1800000)]
  0x0000022751371000 JavaThread "C1 CompilerThread11" daemon [_thread_blocked, id=4376, stack(0x00000059e1600000,0x00000059e1700000)]
  0x00000227512b1000 JavaThread "C1 CompilerThread10" daemon [_thread_blocked, id=6628, stack(0x00000059e1500000,0x00000059e1600000)]
  0x00000227512b0800 JavaThread "C1 CompilerThread9" daemon [_thread_blocked, id=3692, stack(0x00000059e1400000,0x00000059e1500000)]
  0x00000227512b7000 JavaThread "C1 CompilerThread8" daemon [_thread_blocked, id=26272, stack(0x00000059e1300000,0x00000059e1400000)]
  0x00000227512b5000 JavaThread "C2 CompilerThread7" daemon [_thread_blocked, id=26336, stack(0x00000059e1200000,0x00000059e1300000)]
  0x00000227512b6800 JavaThread "C2 CompilerThread6" daemon [_thread_blocked, id=9616, stack(0x00000059e1100000,0x00000059e1200000)]
  0x00000227512b4000 JavaThread "C2 CompilerThread5" daemon [_thread_blocked, id=25912, stack(0x00000059e1000000,0x00000059e1100000)]
  0x00000227512b3800 JavaThread "C2 CompilerThread4" daemon [_thread_blocked, id=10804, stack(0x00000059e0f00000,0x00000059e1000000)]
  0x00000227512b2800 JavaThread "C2 CompilerThread3" daemon [_thread_blocked, id=29920, stack(0x00000059e0e00000,0x00000059e0f00000)]
  0x00000227512b5800 JavaThread "C2 CompilerThread2" daemon [_thread_blocked, id=26152, stack(0x00000059e0d00000,0x00000059e0e00000)]
  0x00000227512b2000 JavaThread "C2 CompilerThread1" daemon [_thread_blocked, id=28944, stack(0x00000059e0c00000,0x00000059e0d00000)]
  0x00000227512aa800 JavaThread "C2 CompilerThread0" daemon [_thread_blocked, id=18044, stack(0x00000059e0b00000,0x00000059e0c00000)]
  0x00000227512a9000 JavaThread "Attach Listener" daemon [_thread_blocked, id=13876, stack(0x00000059e0a00000,0x00000059e0b00000)]
  0x00000227512a8000 JavaThread "Signal Dispatcher" daemon [_thread_blocked, id=31740, stack(0x00000059e0900000,0x00000059e0a00000)]
  0x000002274f129800 JavaThread "Finalizer" daemon [_thread_blocked, id=28692, stack(0x00000059e0800000,0x00000059e0900000)]
  0x000002274f121000 JavaThread "Reference Handler" daemon [_thread_blocked, id=25024, stack(0x00000059e0700000,0x00000059e0800000)]

Other Threads:
  0x000002274f116800 VMThread [stack: 0x00000059e0600000,0x00000059e0700000] [id=26032]
  0x00000227513d8000 WatcherThread [stack: 0x00000059e1800000,0x00000059e1900000] [id=26028]

VM state:not at safepoint (normal execution)

VM Mutex/Monitor currently owned by a thread: None

heap address: 0x00000005c5000000, size: 8112 MB, Compressed Oops mode: Zero based, Oop shift amount: 3
Narrow klass base: 0x0000000000000000, Narrow klass shift: 3
Compressed class space size: 1073741824 Address: 0x00000007c0000000

Heap:
 PSYoungGen      total 667648K, used 558404K [0x0000000717000000, 0x0000000749880000, 0x00000007c0000000)
  eden space 622080K, 85% used [0x0000000717000000,0x00000007379163b8,0x000000073cf80000)
  from space 45568K, 54% used [0x000000073cf80000,0x000000073e7bb030,0x000000073fc00000)
  to   space 44544K, 0% used [0x0000000746d00000,0x0000000746d00000,0x0000000749880000)
 ParOldGen       total 262656K, used 206878K [0x00000005c5000000, 0x00000005d5080000, 0x0000000717000000)
  object space 262656K, 78% used [0x00000005c5000000,0x00000005d1a07a50,0x00000005d5080000)
 Metaspace       used 12676K, capacity 12896K, committed 13056K, reserved 1060864K
  class space    used 1416K, capacity 1511K, committed 1536K, reserved 1048576K

Card table byte_map: [0x000002273bdd0000,0x000002273cdb0000] byte_map_base: 0x0000022738fa8000

Marking Bits: (ParMarkBitMap*) 0x0000000072df7fe0
 Begin Bits: [0x000002273d840000, 0x0000022745700000)
 End Bits:   [0x0000022745700000, 0x000002274d5c0000)

Polling page: 0x000002272b120000

CodeCache: size=245760Kb used=8729Kb max_used=9303Kb free=237030Kb
 bounds [0x000002272ca10000, 0x000002272d360000, 0x000002273ba10000]
 total_blobs=2661 nmethods=2150 adapters=420
 compilation: enabled

Compilation events (10 events):
Event: 169.170 Thread 0x00000227512b3800 nmethod 2684 0x000002272d1b4a10 code [0x000002272d1b4c00, 0x000002272d1b51a0]
Event: 169.177 Thread 0x00000227512b6800 2685       4       samb.client.game.Table::render (102 bytes)
Event: 169.196 Thread 0x00000227512b6800 nmethod 2685 0x000002272cfab490 code [0x000002272cfab740, 0x000002272cfac8f0]
Event: 169.204 Thread 0x00000227512b5000 nmethod 2682 0x000002272cf60f90 code [0x000002272cf612e0, 0x000002272cf62a00]
Event: 186.536 Thread 0x00000227512b2800 2686       4       sun.awt.SunToolkit::flushPendingEvents (19 bytes)
Event: 186.537 Thread 0x00000227512b2800 nmethod 2686 0x000002272d02ab50 code [0x000002272d02aca0, 0x000002272d02ad78]
Event: 191.118 Thread 0x00000227512b0800 2687       3       java.io.ObjectOutputStream$BlockDataOutputStream::getUTFLength (124 bytes)
Event: 191.119 Thread 0x0000022751371000 2688       1       java.io.ObjectStreamField::isUnshared (5 bytes)
Event: 191.119 Thread 0x0000022751371000 nmethod 2688 0x000002272d2243d0 code [0x000002272d224520, 0x000002272d224638]
Event: 191.119 Thread 0x00000227512b0800 nmethod 2687 0x000002272ce07810 code [0x000002272ce079c0, 0x000002272ce08070]

GC Heap History (10 events):
Event: 188.444 GC heap before
{Heap before GC invocations=335 (full 6):
 PSYoungGen      total 483840K, used 465132K [0x0000000717000000, 0x0000000737500000, 0x00000007c0000000)
  eden space 440320K, 100% used [0x0000000717000000,0x0000000731e00000,0x0000000731e00000)
  from space 43520K, 57% used [0x0000000734a80000,0x00000007362bb030,0x0000000737500000)
  to   space 44544K, 0% used [0x0000000731e00000,0x0000000731e00000,0x0000000734980000)
 ParOldGen       total 262656K, used 206742K [0x00000005c5000000, 0x00000005d5080000, 0x0000000717000000)
  object space 262656K, 78% used [0x00000005c5000000,0x00000005d19e5a50,0x00000005d5080000)
 Metaspace       used 12666K, capacity 12896K, committed 13056K, reserved 1060864K
  class space    used 1414K, capacity 1511K, committed 1536K, reserved 1048576K
Event: 188.451 GC heap after
Heap after GC invocations=335 (full 6):
 PSYoungGen      total 484864K, used 36371K [0x0000000717000000, 0x000000073c900000, 0x00000007c0000000)
  eden space 440320K, 0% used [0x0000000717000000,0x0000000717000000,0x0000000731e00000)
  from space 44544K, 81% used [0x0000000731e00000,0x0000000734184e60,0x0000000734980000)
  to   space 46080K, 0% used [0x0000000739c00000,0x0000000739c00000,0x000000073c900000)
 ParOldGen       total 262656K, used 206766K [0x00000005c5000000, 0x00000005d5080000, 0x0000000717000000)
  object space 262656K, 78% used [0x00000005c5000000,0x00000005d19eba50,0x00000005d5080000)
 Metaspace       used 12666K, capacity 12896K, committed 13056K, reserved 1060864K
  class space    used 1414K, capacity 1511K, committed 1536K, reserved 1048576K
}
Event: 188.891 GC heap before
{Heap before GC invocations=336 (full 6):
 PSYoungGen      total 484864K, used 471465K [0x0000000717000000, 0x000000073c900000, 0x00000007c0000000)
  eden space 440320K, 98% used [0x0000000717000000,0x00000007318e5878,0x0000000731e00000)
  from space 44544K, 81% used [0x0000000731e00000,0x0000000734184e60,0x0000000734980000)
  to   space 46080K, 0% used [0x0000000739c00000,0x0000000739c00000,0x000000073c900000)
 ParOldGen       total 262656K, used 206766K [0x00000005c5000000, 0x00000005d5080000, 0x0000000717000000)
  object space 262656K, 78% used [0x00000005c5000000,0x00000005d19eba50,0x00000005d5080000)
 Metaspace       used 12666K, capacity 12896K, committed 13056K, reserved 1060864K
  class space    used 1414K, capacity 1511K, committed 1536K, reserved 1048576K
Event: 188.898 GC heap after
Heap after GC invocations=336 (full 6):
 PSYoungGen      total 567296K, used 24812K [0x0000000717000000, 0x000000073c700000, 0x00000007c0000000)
  eden space 523264K, 0% used [0x0000000717000000,0x0000000717000000,0x0000000736f00000)
  from space 44032K, 56% used [0x0000000739c00000,0x000000073b43b030,0x000000073c700000)
  to   space 45056K, 0% used [0x0000000736f00000,0x0000000736f00000,0x0000000739b00000)
 ParOldGen       total 262656K, used 206806K [0x00000005c5000000, 0x00000005d5080000, 0x0000000717000000)
  object space 262656K, 78% used [0x00000005c5000000,0x00000005d19f5a50,0x00000005d5080000)
 Metaspace       used 12666K, capacity 12896K, committed 13056K, reserved 1060864K
  class space    used 1414K, capacity 1511K, committed 1536K, reserved 1048576K
}
Event: 189.423 GC heap before
{Heap before GC invocations=337 (full 6):
 PSYoungGen      total 567296K, used 537874K [0x0000000717000000, 0x000000073c700000, 0x00000007c0000000)
  eden space 523264K, 98% used [0x0000000717000000,0x0000000736509b00,0x0000000736f00000)
  from space 44032K, 56% used [0x0000000739c00000,0x000000073b43b030,0x000000073c700000)
  to   space 45056K, 0% used [0x0000000736f00000,0x0000000736f00000,0x0000000739b00000)
 ParOldGen       total 262656K, used 206806K [0x00000005c5000000, 0x00000005d5080000, 0x0000000717000000)
  object space 262656K, 78% used [0x00000005c5000000,0x00000005d19f5a50,0x00000005d5080000)
 Metaspace       used 12666K, capacity 12896K, committed 13056K, reserved 1060864K
  class space    used 1414K, capacity 1511K, committed 1536K, reserved 1048576K
Event: 189.431 GC heap after
Heap after GC invocations=337 (full 6):
 PSYoungGen      total 568320K, used 36435K [0x0000000717000000, 0x0000000742980000, 0x00000007c0000000)
  eden space 523264K, 0% used [0x0000000717000000,0x0000000717000000,0x0000000736f00000)
  from space 45056K, 80% used [0x0000000736f00000,0x0000000739294e60,0x0000000739b00000)
  to   space 46080K, 0% used [0x000000073fc80000,0x000000073fc80000,0x0000000742980000)
 ParOldGen       total 262656K, used 206830K [0x00000005c5000000, 0x00000005d5080000, 0x0000000717000000)
  object space 262656K, 78% used [0x00000005c5000000,0x00000005d19fba50,0x00000005d5080000)
 Metaspace       used 12666K, capacity 12896K, committed 13056K, reserved 1060864K
  class space    used 1414K, capacity 1511K, committed 1536K, reserved 1048576K
}
Event: 189.969 GC heap before
{Heap before GC invocations=338 (full 6):
 PSYoungGen      total 568320K, used 557079K [0x0000000717000000, 0x0000000742980000, 0x00000007c0000000)
  eden space 523264K, 99% used [0x0000000717000000,0x0000000736c71020,0x0000000736f00000)
  from space 45056K, 80% used [0x0000000736f00000,0x0000000739294e60,0x0000000739b00000)
  to   space 46080K, 0% used [0x000000073fc80000,0x000000073fc80000,0x0000000742980000)
 ParOldGen       total 262656K, used 206830K [0x00000005c5000000, 0x00000005d5080000, 0x0000000717000000)
  object space 262656K, 78% used [0x00000005c5000000,0x00000005d19fba50,0x00000005d5080000)
 Metaspace       used 12666K, capacity 12896K, committed 13056K, reserved 1060864K
  class space    used 1414K, capacity 1511K, committed 1536K, reserved 1048576K
Event: 189.976 GC heap after
Heap after GC invocations=338 (full 6):
 PSYoungGen      total 667136K, used 24812K [0x0000000717000000, 0x0000000742880000, 0x00000007c0000000)
  eden space 622080K, 0% used [0x0000000717000000,0x0000000717000000,0x000000073cf80000)
  from space 45056K, 55% used [0x000000073fc80000,0x00000007414bb030,0x0000000742880000)
  to   space 45568K, 0% used [0x000000073cf80000,0x000000073cf80000,0x000000073fc00000)
 ParOldGen       total 262656K, used 206862K [0x00000005c5000000, 0x00000005d5080000, 0x0000000717000000)
  object space 262656K, 78% used [0x00000005c5000000,0x00000005d1a03a50,0x00000005d5080000)
 Metaspace       used 12666K, capacity 12896K, committed 13056K, reserved 1060864K
  class space    used 1414K, capacity 1511K, committed 1536K, reserved 1048576K
}
Event: 190.613 GC heap before
{Heap before GC invocations=339 (full 6):
 PSYoungGen      total 667136K, used 640503K [0x0000000717000000, 0x0000000742880000, 0x00000007c0000000)
  eden space 622080K, 98% used [0x0000000717000000,0x000000073c942e60,0x000000073cf80000)
  from space 45056K, 55% used [0x000000073fc80000,0x00000007414bb030,0x0000000742880000)
  to   space 45568K, 0% used [0x000000073cf80000,0x000000073cf80000,0x000000073fc00000)
 ParOldGen       total 262656K, used 206862K [0x00000005c5000000, 0x00000005d5080000, 0x0000000717000000)
  object space 262656K, 78% used [0x00000005c5000000,0x00000005d1a03a50,0x00000005d5080000)
 Metaspace       used 12666K, capacity 12896K, committed 13056K, reserved 1060864K
  class space    used 1414K, capacity 1511K, committed 1536K, reserved 1048576K
Event: 190.620 GC heap after
Heap after GC invocations=339 (full 6):
 PSYoungGen      total 667648K, used 24812K [0x0000000717000000, 0x0000000749880000, 0x00000007c0000000)
  eden space 622080K, 0% used [0x0000000717000000,0x0000000717000000,0x000000073cf80000)
  from space 45568K, 54% used [0x000000073cf80000,0x000000073e7bb030,0x000000073fc00000)
  to   space 44544K, 0% used [0x0000000746d00000,0x0000000746d00000,0x0000000749880000)
 ParOldGen       total 262656K, used 206878K [0x00000005c5000000, 0x00000005d5080000, 0x0000000717000000)
  object space 262656K, 78% used [0x00000005c5000000,0x00000005d1a07a50,0x00000005d5080000)
 Metaspace       used 12666K, capacity 12896K, committed 13056K, reserved 1060864K
  class space    used 1414K, capacity 1511K, committed 1536K, reserved 1048576K
}

Deoptimization events (10 events):
Event: 176.832 Thread 0x0000022759e8e000 Uncommon trap: reason=class_check action=maybe_recompile pc=0x000002272d2e5640 method=java.awt.EventQueue.coalesceMouseEvent(Ljava/awt/event/MouseEvent;)Z @ 4
Event: 176.833 Thread 0x0000022759e8e000 Uncommon trap: reason=class_check action=maybe_recompile pc=0x000002272d2e5640 method=java.awt.EventQueue.coalesceMouseEvent(Ljava/awt/event/MouseEvent;)Z @ 4
Event: 191.119 Thread 0x0000022759e8e000 Uncommon trap: reason=unstable_if action=reinterpret pc=0x000002272cda2e80 method=java.security.AccessController.getContext()Ljava/security/AccessControlContext; @ 5
Event: 191.119 Thread 0x0000022759e8e000 Uncommon trap: reason=unstable_if action=reinterpret pc=0x000002272cecba28 method=java.security.AccessController.getContext()Ljava/security/AccessControlContext; @ 5
Event: 191.130 Thread 0x0000022759b8a800 Uncommon trap: reason=unstable_if action=reinterpret pc=0x000002272d05080c method=java.awt.Component.isShowing()Z @ 27
Event: 191.130 Thread 0x0000022759b8a800 Uncommon trap: reason=unstable_if action=reinterpret pc=0x000002272d05080c method=java.awt.Component.isShowing()Z @ 27
Event: 191.130 Thread 0x0000022759b8a800 Uncommon trap: reason=unstable_if action=reinterpret pc=0x000002272d05080c method=java.awt.Component.isShowing()Z @ 27
Event: 191.130 Thread 0x0000022759b8a800 Uncommon trap: reason=unstable_if action=reinterpret pc=0x000002272cf53ea0 method=java.awt.Component.isShowing()Z @ 27
Event: 191.130 Thread 0x0000022759b8a800 Uncommon trap: reason=unstable_if action=reinterpret pc=0x000002272cccee34 method=java.awt.Component.isShowing()Z @ 27
Event: 191.154 Thread 0x0000022759b8a800 Uncommon trap: reason=unstable_if action=reinterpret pc=0x000002272d0417d4 method=sun.awt.image.VolatileSurfaceManager.validate(Ljava/awt/GraphicsConfiguration;)I @ 90

Classes redefined (0 events):
No events

Internal exceptions (10 events):
Event: 38.166 Thread 0x0000022759e8e000 Exception <a 'java/lang/ClassCastException'> (0x00000007475691d8) thrown at [C:\jenkins\workspace\8-2-build-windows-amd64-cygwin\jdk8u271\605\hotspot\src\share\vm\runtime\sharedRuntime.cpp, line 609]
Event: 38.268 Thread 0x0000022759e8e000 Exception <a 'java/lang/ClassCastException'> (0x000000074bb3c918) thrown at [C:\jenkins\workspace\8-2-build-windows-amd64-cygwin\jdk8u271\605\hotspot\src\share\vm\runtime\sharedRuntime.cpp, line 609]
Event: 38.294 Thread 0x0000022759e8e000 Exception <a 'java/lang/ClassCastException'> (0x000000074fa1bd28) thrown at [C:\jenkins\workspace\8-2-build-windows-amd64-cygwin\jdk8u271\605\hotspot\src\share\vm\runtime\sharedRuntime.cpp, line 609]
Event: 38.371 Thread 0x0000022759e8e000 Exception <a 'java/lang/ClassCastException'> (0x000000075194e8f0) thrown at [C:\jenkins\workspace\8-2-build-windows-amd64-cygwin\jdk8u271\605\hotspot\src\share\vm\runtime\sharedRuntime.cpp, line 609]
Event: 38.398 Thread 0x0000022759e8e000 Exception <a 'java/lang/ClassCastException'> (0x00000007527ce4f0) thrown at [C:\jenkins\workspace\8-2-build-windows-amd64-cygwin\jdk8u271\605\hotspot\src\share\vm\runtime\sharedRuntime.cpp, line 609]
Event: 39.147 Thread 0x0000022759e8e000 Implicit null exception at 0x000002272cfb9466 to 0x000002272cfb9af5
Event: 45.726 Thread 0x0000022759e8e000 Implicit null exception at 0x000002272d1c8214 to 0x000002272d1c8a99
Event: 191.119 Thread 0x0000022759e8e000 Implicit null exception at 0x000002272cda2b2d to 0x000002272cda2e6b
Event: 191.119 Thread 0x0000022759e8e000 Implicit null exception at 0x000002272cecb545 to 0x000002272cecb9f6
Event: 191.123 Thread 0x0000022759c3a800 Exception <a 'java/net/SocketException': socket closed> (0x0000000735798378) thrown at [C:\jenkins\workspace\8-2-build-windows-amd64-cygwin\jdk8u271\605\hotspot\src\share\vm\prims\jni.cpp, line 737]

Events (10 events):
Event: 191.130 Thread 0x0000022759b8a800 Uncommon trap: trap_request=0xffffff65 fr.pc=0x000002272cf53ea0
Event: 191.130 Thread 0x0000022759b8a800 DEOPT PACKING pc=0x000002272cf53ea0 sp=0x00000059e228ecc0
Event: 191.130 Thread 0x0000022759b8a800 DEOPT UNPACKING pc=0x000002272ca55843 sp=0x00000059e228eb58 mode 2
Event: 191.130 loading class sun/java2d/pipe/hw/AccelDeviceEventNotifier done
Event: 191.130 Thread 0x0000022759b8a800 Uncommon trap: trap_request=0xffffff65 fr.pc=0x000002272cccee34
Event: 191.130 Thread 0x0000022759b8a800 DEOPT PACKING pc=0x000002272cccee34 sp=0x00000059e228ec00
Event: 191.130 Thread 0x0000022759b8a800 DEOPT UNPACKING pc=0x000002272ca55843 sp=0x00000059e228eb28 mode 2
Event: 191.154 Thread 0x0000022759b8a800 Uncommon trap: trap_request=0xffffff65 fr.pc=0x000002272d0417d4
Event: 191.154 Thread 0x0000022759b8a800 DEOPT PACKING pc=0x000002272d0417d4 sp=0x00000059e228edb0
Event: 191.154 Thread 0x0000022759b8a800 DEOPT UNPACKING pc=0x000002272ca55843 sp=0x00000059e228ebb8 mode 2


Dynamic libraries:
0x00007ff70f420000 - 0x00007ff70f467000 	C:\Program Files\Java\jre1.8.0_271\bin\javaw.exe
0x00007ffc10dd0000 - 0x00007ffc10fc5000 	C:\WINDOWS\SYSTEM32\ntdll.dll
0x00007ffc0f180000 - 0x00007ffc0f23d000 	C:\WINDOWS\System32\KERNEL32.DLL
0x00007ffc0e710000 - 0x00007ffc0e9d9000 	C:\WINDOWS\System32\KERNELBASE.dll
0x00007ffc0eeb0000 - 0x00007ffc0ef5c000 	C:\WINDOWS\System32\ADVAPI32.dll
0x00007ffc105a0000 - 0x00007ffc1063e000 	C:\WINDOWS\System32\msvcrt.dll
0x00007ffc102f0000 - 0x00007ffc1038c000 	C:\WINDOWS\System32\sechost.dll
0x00007ffc0efc0000 - 0x00007ffc0f0eb000 	C:\WINDOWS\System32\RPCRT4.dll
0x00007ffc0faf0000 - 0x00007ffc0fc90000 	C:\WINDOWS\System32\USER32.dll
0x00007ffc0ec70000 - 0x00007ffc0ec92000 	C:\WINDOWS\System32\win32u.dll
0x00007ffc0fc90000 - 0x00007ffc0fcba000 	C:\WINDOWS\System32\GDI32.dll
0x00007ffc0e600000 - 0x00007ffc0e70b000 	C:\WINDOWS\System32\gdi32full.dll
0x00007ffc0e510000 - 0x00007ffc0e5ad000 	C:\WINDOWS\System32\msvcp_win.dll
0x00007ffc0eca0000 - 0x00007ffc0eda0000 	C:\WINDOWS\System32\ucrtbase.dll
0x00007ffbe4c90000 - 0x00007ffbe4f2a000 	C:\WINDOWS\WinSxS\amd64_microsoft.windows.common-controls_6595b64144ccf1df_6.0.19041.844_none_ca00b6081b84eb1d\COMCTL32.dll
0x00007ffc0f6c0000 - 0x00007ffc0f6f0000 	C:\WINDOWS\System32\IMM32.DLL
0x00007ffc0b670000 - 0x00007ffc0b685000 	C:\Program Files\Java\jre1.8.0_271\bin\vcruntime140.dll
0x00007ffbcf5b0000 - 0x00007ffbcf64b000 	C:\Program Files\Java\jre1.8.0_271\bin\msvcp140.dll
0x0000000072600000 - 0x0000000072e6f000 	C:\Program Files\Java\jre1.8.0_271\bin\server\jvm.dll
0x00007ffc104c0000 - 0x00007ffc104c8000 	C:\WINDOWS\System32\PSAPI.DLL
0x00007ffc0b6a0000 - 0x00007ffc0b6a9000 	C:\WINDOWS\SYSTEM32\WSOCK32.dll
0x00007ffc08110000 - 0x00007ffc0811a000 	C:\WINDOWS\SYSTEM32\VERSION.dll
0x00007ffc04150000 - 0x00007ffc04177000 	C:\WINDOWS\SYSTEM32\WINMM.dll
0x00007ffc0f7f0000 - 0x00007ffc0f85b000 	C:\WINDOWS\System32\WS2_32.dll
0x00007ffc0ce10000 - 0x00007ffc0ce22000 	C:\WINDOWS\SYSTEM32\kernel.appcore.dll
0x00007ffc0b690000 - 0x00007ffc0b6a0000 	C:\Program Files\Java\jre1.8.0_271\bin\verify.dll
0x00007ffc0ab00000 - 0x00007ffc0ab2b000 	C:\Program Files\Java\jre1.8.0_271\bin\java.dll
0x00007ffc0b600000 - 0x00007ffc0b618000 	C:\Program Files\Java\jre1.8.0_271\bin\zip.dll
0x00007ffc10640000 - 0x00007ffc10d82000 	C:\WINDOWS\System32\SHELL32.dll
0x00007ffc0c570000 - 0x00007ffc0cd00000 	C:\WINDOWS\SYSTEM32\windows.storage.dll
0x00007ffc0ff90000 - 0x00007ffc102e5000 	C:\WINDOWS\System32\combase.dll
0x00007ffc0df80000 - 0x00007ffc0dfac000 	C:\WINDOWS\SYSTEM32\Wldp.dll
0x00007ffc0fa40000 - 0x00007ffc0faee000 	C:\WINDOWS\System32\SHCORE.dll
0x00007ffc0ff30000 - 0x00007ffc0ff85000 	C:\WINDOWS\System32\shlwapi.dll
0x00007ffc0e450000 - 0x00007ffc0e46f000 	C:\WINDOWS\SYSTEM32\profapi.dll
0x00007ffbc20f0000 - 0x00007ffbc2284000 	C:\Program Files\Java\jre1.8.0_271\bin\awt.dll
0x00007ffc104d0000 - 0x00007ffc1059d000 	C:\WINDOWS\System32\OLEAUT32.dll
0x00007ffc0b9d0000 - 0x00007ffc0ba60000 	C:\WINDOWS\SYSTEM32\apphelp.dll
0x00007ffc0bd70000 - 0x00007ffc0bd9f000 	C:\WINDOWS\system32\DWMAPI.DLL
0x00007ffc0bac0000 - 0x00007ffc0bb5e000 	C:\WINDOWS\system32\uxtheme.dll
0x00007ffbc26e0000 - 0x00007ffbc2806000 	C:\WINDOWS\system32\opengl32.dll
0x00007ffc019f0000 - 0x00007ffc01a1c000 	C:\WINDOWS\SYSTEM32\GLU32.dll
0x00007ffc0f910000 - 0x00007ffc0fa25000 	C:\WINDOWS\System32\MSCTF.dll
0x00007ffc10390000 - 0x00007ffc104ba000 	C:\WINDOWS\System32\ole32.dll
0x00007ffc0ebf0000 - 0x00007ffc0ec70000 	C:\WINDOWS\System32\bcryptPrimitives.dll
0x00007ffc0e100000 - 0x00007ffc0e112000 	C:\WINDOWS\SYSTEM32\msasn1.dll
0x00007ffc07b30000 - 0x00007ffc07b61000 	C:\WINDOWS\SYSTEM32\cryptnet.dll
0x00007ffc0e9e0000 - 0x00007ffc0eb3f000 	C:\WINDOWS\System32\CRYPT32.dll
0x00007ffc0def0000 - 0x00007ffc0defc000 	C:\WINDOWS\SYSTEM32\cryptbase.dll
0x00007ffc0edd0000 - 0x00007ffc0ee30000 	C:\WINDOWS\System32\WINTRUST.DLL
0x00007ffc0f7d0000 - 0x00007ffc0f7ed000 	C:\WINDOWS\System32\imagehlp.dll
0x00007ffc0ded0000 - 0x00007ffc0dee8000 	C:\WINDOWS\SYSTEM32\CRYPTSP.dll
0x00007ffc0d630000 - 0x00007ffc0d664000 	C:\WINDOWS\system32\rsaenh.dll
0x00007ffc0eda0000 - 0x00007ffc0edc7000 	C:\WINDOWS\System32\bcrypt.dll
0x00007ffba6430000 - 0x00007ffba66e9000 	C:\WINDOWS\system32\nvspcap64.dll
0x00007ffc0d260000 - 0x00007ffc0d293000 	C:\WINDOWS\SYSTEM32\ntmarta.dll
0x00007ffc0ce30000 - 0x00007ffc0ce53000 	C:\WINDOWS\SYSTEM32\gpapi.dll
0x00007ffc05140000 - 0x00007ffc0517b000 	C:\WINDOWS\SYSTEM32\dxcore.dll
0x00007ffc0e5b0000 - 0x00007ffc0e5fe000 	C:\WINDOWS\System32\cfgmgr32.dll
0x00007ffbfaf70000 - 0x00007ffbfafb9000 	C:\Program Files\Java\jre1.8.0_271\bin\fontmanager.dll
0x00007ffc0aae0000 - 0x00007ffc0aafc000 	C:\Program Files\Java\jre1.8.0_271\bin\net.dll
0x00007ffc0dd00000 - 0x00007ffc0dd6a000 	C:\WINDOWS\system32\mswsock.dll
0x00007ffc0aac0000 - 0x00007ffc0aad3000 	C:\Program Files\Java\jre1.8.0_271\bin\nio.dll
0x00007ffb90650000 - 0x00007ffb906d9000 	C:\Program Files (x86)\Overwolf\0.168.0.12\OWExplorer.dll
0x00007ffbfaf20000 - 0x00007ffbfaf63000 	C:\Program Files\Java\jre1.8.0_271\bin\t2k.dll
0x00007ffbd7ef0000 - 0x00007ffbd7feb000 	C:\WINDOWS\SYSTEM32\textinputframework.dll
0x00007ffc0ab70000 - 0x00007ffc0aece000 	C:\WINDOWS\System32\CoreUIComponents.dll
0x00007ffc0b250000 - 0x00007ffc0b342000 	C:\WINDOWS\System32\CoreMessaging.dll
0x00007ffc09a20000 - 0x00007ffc09b74000 	C:\WINDOWS\SYSTEM32\wintypes.dll
0x00007ffc019c0000 - 0x00007ffc019ea000 	C:\Program Files\Java\jre1.8.0_271\bin\dcpr.dll
0x00007ffc0c300000 - 0x00007ffc0c4e4000 	C:\WINDOWS\SYSTEM32\dbghelp.dll

VM Arguments:
jvm_args: -Dfile.encoding=Cp1252 
java_command: samb.client.main.Client
java_class_path (initial): C:\Users\samba\OneDrive\Java\project-workspace\Online Pool Game\bin;C:\Users\samba\OneDrive\Java\project-workspace\Online Pool Game\lib\mysql-connector-java-8.0.22.jar
Launcher Type: SUN_STANDARD

Environment Variables:
USERNAME=samba
OS=Windows_NT
PROCESSOR_IDENTIFIER=Intel64 Family 6 Model 85 Stepping 4, GenuineIntel



---------------  S Y S T E M  ---------------

OS: Windows 10.0 , 64 bit Build 19041 (10.0.19041.804)

CPU:total 20 (initial active 20) (10 cores per cpu, 2 threads per core) family 6 model 85 stepping 4, cmov, cx8, fxsr, mmx, sse, sse2, sse3, ssse3, sse4.1, sse4.2, popcnt, avx, avx2, aes, clmul, erms, rtm, 3dnowpref, lzcnt, ht, tsc, tscinvbit, bmi1, bmi2, adx

Memory: 4k page, physical 33225064k(21942252k free), swap 38205800k(17133584k free)

vm_info: Java HotSpot(TM) 64-Bit Server VM (25.271-b09) for windows-amd64 JRE (1.8.0_271-b09), built on Sep 16 2020 19:14:59 by "" with MS VC++ 15.9 (VS2017)

time: Sun Apr 11 19:59:30 2021
timezone: GMT Summer Time
elapsed time: 191.177614 seconds (0d 0h 3m 11s)

